0 info it worked if it ends with ok
1 verbose cli [ '/usr/local/bin/node', '/usr/local/bin/npm', 'start' ]
2 info using npm@3.10.10
3 info using node@v6.11.0
4 verbose run-script [ 'prestart', 'start', 'poststart' ]
5 info lifecycle template@1.0.0~prestart: template@1.0.0
6 verbose lifecycle template@1.0.0~prestart: unsafe-perm in lifecycle true
7 verbose lifecycle template@1.0.0~prestart: PATH: /usr/local/lib/node_modules/npm/bin/node-gyp-bin:/Users/davisionary/gitHub/template/node_modules/.bin:/usr/local/bin:/usr/bin:/bin:/usr/sbin:/sbin:/usr/local/share/dotnet:/Library/Frameworks/Mono.framework/Versions/Current/Commands
8 verbose lifecycle template@1.0.0~prestart: CWD: /Users/davisionary/gitHub/template
9 silly lifecycle template@1.0.0~prestart: Args: [ '-c',
9 silly lifecycle   'tsc *.ts app/frontend/js/controllers/*.ts app/frontend/js/services/*.ts app/frontend/js/*.ts' ]
10 silly lifecycle template@1.0.0~prestart: Returned: code: 2  signal: null
11 info lifecycle template@1.0.0~prestart: Failed to exec prestart script
12 verbose stack Error: template@1.0.0 prestart: `tsc *.ts app/frontend/js/controllers/*.ts app/frontend/js/services/*.ts app/frontend/js/*.ts`
12 verbose stack Exit status 2
12 verbose stack     at EventEmitter.<anonymous> (/usr/local/lib/node_modules/npm/lib/utils/lifecycle.js:255:16)
12 verbose stack     at emitTwo (events.js:106:13)
12 verbose stack     at EventEmitter.emit (events.js:191:7)
12 verbose stack     at ChildProcess.<anonymous> (/usr/local/lib/node_modules/npm/lib/utils/spawn.js:40:14)
12 verbose stack     at emitTwo (events.js:106:13)
12 verbose stack     at ChildProcess.emit (events.js:191:7)
12 verbose stack     at maybeClose (internal/child_process.js:891:16)
12 verbose stack     at Process.ChildProcess._handle.onexit (internal/child_process.js:226:5)
13 verbose pkgid template@1.0.0
14 verbose cwd /Users/davisionary/gitHub/template
15 error Darwin 16.6.0
16 error argv "/usr/local/bin/node" "/usr/local/bin/npm" "start"
17 error node v6.11.0
18 error npm  v3.10.10
19 error code ELIFECYCLE
20 error template@1.0.0 prestart: `tsc *.ts app/frontend/js/controllers/*.ts app/frontend/js/services/*.ts app/frontend/js/*.ts`
20 error Exit status 2
21 error Failed at the template@1.0.0 prestart script 'tsc *.ts app/frontend/js/controllers/*.ts app/frontend/js/services/*.ts app/frontend/js/*.ts'.
21 error Make sure you have the latest version of node.js and npm installed.
21 error If you do, this is most likely a problem with the template package,
21 error not with npm itself.
21 error Tell the author that this fails on your system:
21 error     tsc *.ts app/frontend/js/controllers/*.ts app/frontend/js/services/*.ts app/frontend/js/*.ts
21 error You can get information on how to open an issue for this project with:
21 error     npm bugs template
21 error Or if that isn't available, you can get their info via:
21 error     npm owner ls template
21 error There is likely additional logging output above.
22 verbose exit [ 1, true ]
